<?xml version="1.0" encoding="UTF-8"?>
<!-- Generated by org.testng.reporters.JUnitXMLReporter -->
<testsuite hostname="nilesh-HP" ignored="0" name="Default test" tests="3" failures="0" timestamp="03 Jul 2018 06:18:12 GMT" time="101.5" errors="0">
  <testcase name="verifyHomePageTitleTest" time="0.027" classname="com.crm.qa.testcases.HomePageTest"/>
  <testcase name="verifyUserNameTest" time="0.159" classname="com.crm.qa.testcases.HomePageTest"/>
  <testcase name="verifyContactsLinkTest" time="3.871" classname="com.crm.qa.testcases.HomePageTest"/>
</testsuite> <!-- Default test -->
